[2021-07-24 17:00:19.499] [main] INFO  o.s.web.context.ContextLoader - Root WebApplicationContext: initialization started
[2021-07-24 17:00:19.645] [main] DEBUG o.s.w.c.s.XmlWebApplicationContext - Refreshing Root WebApplicationContext
[2021-07-24 17:00:20.103] [main] DEBUG o.s.c.a.ClassPathBeanDefinitionScanner - Identified candidate component class: file [C:\project\webapps\hiboard\src\main\webapp\WEB-INF\classes\com\icia\web\service\UserService.class]
[2021-07-24 17:00:20.161] [main] DEBUG o.s.b.f.xml.XmlBeanDefinitionReader - Loaded 18 bean definitions from ServletContext resource [/WEB-INF/config/spring/root-context.xml]
[2021-07-24 17:00:20.260] [main] DEBUG o.s.b.f.s.DefaultListableBeanFactory - Creating shared instance of singleton bean 'org.springframework.context.annotation.internalConfigurationAnnotationProcessor'
[2021-07-24 17:00:20.382] [main] DEBUG o.s.b.f.s.DefaultListableBeanFactory - Creating shared instance of singleton bean 'org.mybatis.spring.mapper.MapperScannerConfigurer#0'
[2021-07-24 17:00:20.489] [main] DEBUG org.apache.ibatis.logging.LogFactory - Logging initialized using 'class org.apache.ibatis.logging.slf4j.Slf4jImpl' adapter.
[2021-07-24 17:00:20.503] [main] DEBUG o.s.b.f.s.DefaultListableBeanFactory - Creating shared instance of singleton bean 'org.springframework.context.event.internalEventListenerProcessor'
[2021-07-24 17:00:20.510] [main] DEBUG o.s.b.f.s.DefaultListableBeanFactory - Creating shared instance of singleton bean 'org.springframework.transaction.config.internalTransactionalEventListenerFactory'
[2021-07-24 17:00:20.510] [main] DEBUG o.s.b.f.s.DefaultListableBeanFactory - Creating shared instance of singleton bean 'org.springframework.context.event.internalEventListenerFactory'
[2021-07-24 17:00:20.514] [main] DEBUG o.s.b.f.s.DefaultListableBeanFactory - Creating shared instance of singleton bean 'org.springframework.context.annotation.internalAutowiredAnnotationProcessor'
[2021-07-24 17:00:20.516] [main] DEBUG o.s.b.f.s.DefaultListableBeanFactory - Creating shared instance of singleton bean 'org.springframework.context.annotation.internalCommonAnnotationProcessor'
[2021-07-24 17:00:20.524] [main] DEBUG o.s.b.f.s.DefaultListableBeanFactory - Creating shared instance of singleton bean 'org.springframework.aop.config.internalAutoProxyCreator'
[2021-07-24 17:00:20.620] [main] DEBUG o.s.u.c.s.UiApplicationContextUtils - Unable to locate ThemeSource with name 'themeSource': using default [org.springframework.ui.context.support.ResourceBundleThemeSource@43264e4a]
[2021-07-24 17:00:20.623] [main] DEBUG o.s.b.f.s.DefaultListableBeanFactory - Creating shared instance of singleton bean 'env'
[2021-07-24 17:00:20.661] [main] DEBUG o.s.b.f.s.DefaultListableBeanFactory - Creating shared instance of singleton bean 'org.springframework.transaction.config.internalTransactionAdvisor'
[2021-07-24 17:00:20.666] [main] DEBUG o.s.b.f.s.DefaultListableBeanFactory - Creating shared instance of singleton bean 'org.springframework.transaction.annotation.AnnotationTransactionAttributeSource#0'
[2021-07-24 17:00:20.714] [main] DEBUG o.s.b.f.s.DefaultListableBeanFactory - Creating shared instance of singleton bean 'hikariConfig'
[2021-07-24 17:00:20.996] [main] DEBUG o.s.b.f.s.DefaultListableBeanFactory - Creating shared instance of singleton bean 'dataSource'
[2021-07-24 17:00:21.566] [main] DEBUG o.s.b.f.s.DefaultListableBeanFactory - Creating shared instance of singleton bean 'sqlSessionFactory'
[2021-07-24 17:00:21.986] [main] DEBUG o.s.b.f.s.DefaultListableBeanFactory - Creating shared instance of singleton bean 'sqlSessionTemplate'
[2021-07-24 17:00:22.005] [main] DEBUG o.s.b.f.s.DefaultListableBeanFactory - Creating shared instance of singleton bean 'transactionManager'
[2021-07-24 17:00:22.035] [main] DEBUG o.s.b.f.s.DefaultListableBeanFactory - Creating shared instance of singleton bean 'org.springframework.transaction.interceptor.TransactionInterceptor#0'
[2021-07-24 17:00:22.061] [main] DEBUG o.s.b.f.s.DefaultListableBeanFactory - Creating shared instance of singleton bean 'userService'
[2021-07-24 17:00:22.075] [main] DEBUG o.s.b.f.s.DefaultListableBeanFactory - Creating shared instance of singleton bean 'userDao'
[2021-07-24 17:00:22.124] [main] DEBUG o.springframework.jndi.JndiTemplate - Looking up JNDI object with name [java:comp/env/spring.liveBeansView.mbeanDomain]
[2021-07-24 17:00:22.126] [main] DEBUG o.s.jndi.JndiLocatorDelegate - Converted JNDI name [java:comp/env/spring.liveBeansView.mbeanDomain] not found - trying original name [spring.liveBeansView.mbeanDomain]. javax.naming.NameNotFoundException: Name [spring.liveBeansView.mbeanDomain]은(는) 이 컨텍스트에 바인딩되지 않았습니다. [spring.liveBeansView.mbeanDomain]을(를) 찾을 수 없습니다.
[2021-07-24 17:00:22.126] [main] DEBUG o.springframework.jndi.JndiTemplate - Looking up JNDI object with name [spring.liveBeansView.mbeanDomain]
[2021-07-24 17:00:22.126] [main] DEBUG o.s.jndi.JndiPropertySource - JNDI lookup for name [spring.liveBeansView.mbeanDomain] threw NamingException with message: Name [spring.liveBeansView.mbeanDomain]은(는) 이 컨텍스트에 바인딩되지 않았습니다. [spring.liveBeansView.mbeanDomain]을(를) 찾을 수 없습니다.. Returning null.
[2021-07-24 17:00:22.130] [main] INFO  o.s.web.context.ContextLoader - Root WebApplicationContext initialized in 2616 ms
[2021-07-24 17:00:22.164] [main] DEBUG o.s.w.filter.CharacterEncodingFilter - Filter 'encodingFilter' configured for use
[2021-07-24 17:00:22.205] [main] INFO  o.s.web.servlet.DispatcherServlet - Initializing Servlet 'dispatcherServlet'
[2021-07-24 17:00:22.205] [main] DEBUG o.springframework.jndi.JndiTemplate - Looking up JNDI object with name [java:comp/env/spring.profiles.active]
[2021-07-24 17:00:22.206] [main] DEBUG o.s.jndi.JndiLocatorDelegate - Converted JNDI name [java:comp/env/spring.profiles.active] not found - trying original name [spring.profiles.active]. javax.naming.NameNotFoundException: Name [spring.profiles.active]은(는) 이 컨텍스트에 바인딩되지 않았습니다. [spring.profiles.active]을(를) 찾을 수 없습니다.
[2021-07-24 17:00:22.206] [main] DEBUG o.springframework.jndi.JndiTemplate - Looking up JNDI object with name [spring.profiles.active]
[2021-07-24 17:00:22.206] [main] DEBUG o.s.jndi.JndiPropertySource - JNDI lookup for name [spring.profiles.active] threw NamingException with message: Name [spring.profiles.active]은(는) 이 컨텍스트에 바인딩되지 않았습니다. [spring.profiles.active]을(를) 찾을 수 없습니다.. Returning null.
[2021-07-24 17:00:22.206] [main] DEBUG o.springframework.jndi.JndiTemplate - Looking up JNDI object with name [java:comp/env/spring.profiles.default]
[2021-07-24 17:00:22.207] [main] DEBUG o.s.jndi.JndiLocatorDelegate - Converted JNDI name [java:comp/env/spring.profiles.default] not found - trying original name [spring.profiles.default]. javax.naming.NameNotFoundException: Name [spring.profiles.default]은(는) 이 컨텍스트에 바인딩되지 않았습니다. [spring.profiles.default]을(를) 찾을 수 없습니다.
[2021-07-24 17:00:22.207] [main] DEBUG o.springframework.jndi.JndiTemplate - Looking up JNDI object with name [spring.profiles.default]
[2021-07-24 17:00:22.207] [main] DEBUG o.s.jndi.JndiPropertySource - JNDI lookup for name [spring.profiles.default] threw NamingException with message: Name [spring.profiles.default]은(는) 이 컨텍스트에 바인딩되지 않았습니다. [spring.profiles.default]을(를) 찾을 수 없습니다.. Returning null.
[2021-07-24 17:00:22.210] [main] DEBUG o.s.w.c.s.XmlWebApplicationContext - Refreshing WebApplicationContext for namespace 'dispatcherServlet-servlet'
[2021-07-24 17:00:22.265] [main] DEBUG o.s.c.a.ClassPathBeanDefinitionScanner - Identified candidate component class: file [C:\project\webapps\hiboard\src\main\webapp\WEB-INF\classes\com\icia\web\controller\IndexController.class]
[2021-07-24 17:00:22.268] [main] DEBUG o.s.c.a.ClassPathBeanDefinitionScanner - Identified candidate component class: file [C:\project\webapps\hiboard\src\main\webapp\WEB-INF\classes\com\icia\web\controller\UserController.class]
[2021-07-24 17:00:22.390] [main] DEBUG o.s.b.f.xml.XmlBeanDefinitionReader - Loaded 33 bean definitions from ServletContext resource [/WEB-INF/config/spring/servlet-context.xml]
[2021-07-24 17:00:22.412] [main] DEBUG o.s.b.f.s.DefaultListableBeanFactory - Creating shared instance of singleton bean 'org.springframework.context.annotation.internalConfigurationAnnotationProcessor'
[2021-07-24 17:00:22.485] [main] DEBUG o.s.b.f.s.DefaultListableBeanFactory - Creating shared instance of singleton bean 'org.springframework.context.event.internalEventListenerProcessor'
[2021-07-24 17:00:22.486] [main] DEBUG o.s.b.f.s.DefaultListableBeanFactory - Creating shared instance of singleton bean 'org.springframework.context.event.internalEventListenerFactory'
[2021-07-24 17:00:22.487] [main] DEBUG o.s.b.f.s.DefaultListableBeanFactory - Creating shared instance of singleton bean 'org.springframework.context.annotation.internalAutowiredAnnotationProcessor'
[2021-07-24 17:00:22.487] [main] DEBUG o.s.b.f.s.DefaultListableBeanFactory - Creating shared instance of singleton bean 'org.springframework.context.annotation.internalCommonAnnotationProcessor'
[2021-07-24 17:00:22.489] [main] DEBUG o.s.u.c.s.UiApplicationContextUtils - Unable to locate ThemeSource with name 'themeSource': using default [org.springframework.ui.context.support.DelegatingThemeSource@e4748af]
[2021-07-24 17:00:22.489] [main] DEBUG o.s.b.f.s.DefaultListableBeanFactory - Creating shared instance of singleton bean 'indexController'
[2021-07-24 17:00:22.491] [main] DEBUG o.s.b.f.s.DefaultListableBeanFactory - Creating shared instance of singleton bean 'userController'
[2021-07-24 17:00:22.495] [main] DEBUG o.s.b.f.s.DefaultListableBeanFactory - Creating shared instance of singleton bean 'mvcContentNegotiationManager'
[2021-07-24 17:00:22.514] [main] DEBUG o.s.b.f.s.DefaultListableBeanFactory - Creating shared instance of singleton bean 'org.springframework.web.servlet.mvc.method.annotation.RequestMappingHandlerMapping'
[2021-07-24 17:00:22.579] [main] DEBUG o.s.b.f.s.DefaultListableBeanFactory - Creating shared instance of singleton bean 'mvcCorsConfigurations'
[2021-07-24 17:00:22.580] [main] DEBUG o.s.b.f.s.DefaultListableBeanFactory - Creating shared instance of singleton bean 'org.springframework.web.servlet.handler.MappedInterceptor#0'
[2021-07-24 17:00:22.582] [main] DEBUG o.s.b.f.s.DefaultListableBeanFactory - Creating shared instance of singleton bean 'org.springframework.format.support.FormattingConversionServiceFactoryBean#0'
[2021-07-24 17:00:22.677] [main] DEBUG o.s.b.f.s.DefaultListableBeanFactory - Creating shared instance of singleton bean 'org.springframework.web.servlet.handler.MappedInterceptor#1'
[2021-07-24 17:00:22.681] [main] DEBUG o.s.b.f.s.DefaultListableBeanFactory - Creating shared instance of singleton bean 'org.springframework.web.servlet.handler.MappedInterceptor#2'
[2021-07-24 17:00:22.698] [main] DEBUG o.s.b.f.s.DefaultListableBeanFactory - Creating shared instance of singleton bean 'org.springframework.web.servlet.handler.MappedInterceptor#3'
[2021-07-24 17:00:22.704] [main] DEBUG c.i.web.interceptor.AuthInterceptor - ############################################################################
[2021-07-24 17:00:22.704] [main] DEBUG c.i.web.interceptor.AuthInterceptor - # AuthInterceptor                                                          #
[2021-07-24 17:00:22.704] [main] DEBUG c.i.web.interceptor.AuthInterceptor - ############################################################################
[2021-07-24 17:00:22.704] [main] DEBUG c.i.web.interceptor.AuthInterceptor - //////////////////////////////////////////////////
[2021-07-24 17:00:22.704] [main] DEBUG c.i.web.interceptor.AuthInterceptor - // Auth Cookie Name                             //
[2021-07-24 17:00:22.705] [main] DEBUG c.i.web.interceptor.AuthInterceptor - //////////////////////////////////////////////////
[2021-07-24 17:00:22.705] [main] DEBUG c.i.web.interceptor.AuthInterceptor - // USER_ID
[2021-07-24 17:00:22.705] [main] DEBUG c.i.web.interceptor.AuthInterceptor - //////////////////////////////////////////////////
[2021-07-24 17:00:22.705] [main] DEBUG c.i.web.interceptor.AuthInterceptor - //////////////////////////////////////////////////
[2021-07-24 17:00:22.705] [main] DEBUG c.i.web.interceptor.AuthInterceptor - // Ajax Header Name                             //
[2021-07-24 17:00:22.705] [main] DEBUG c.i.web.interceptor.AuthInterceptor - //////////////////////////////////////////////////
[2021-07-24 17:00:22.705] [main] DEBUG c.i.web.interceptor.AuthInterceptor - // AJAX
[2021-07-24 17:00:22.705] [main] DEBUG c.i.web.interceptor.AuthInterceptor - //////////////////////////////////////////////////
[2021-07-24 17:00:22.705] [main] DEBUG c.i.web.interceptor.AuthInterceptor - //////////////////////////////////////////////////
[2021-07-24 17:00:22.705] [main] DEBUG c.i.web.interceptor.AuthInterceptor - // Auth Exclude Url                             //
[2021-07-24 17:00:22.705] [main] DEBUG c.i.web.interceptor.AuthInterceptor - //////////////////////////////////////////////////
[2021-07-24 17:00:22.708] [main] DEBUG c.i.web.interceptor.AuthInterceptor - // /index
[2021-07-24 17:00:22.708] [main] DEBUG c.i.web.interceptor.AuthInterceptor - // /user/login
[2021-07-24 17:00:22.708] [main] DEBUG c.i.web.interceptor.AuthInterceptor - // /user/loginOut
[2021-07-24 17:00:22.708] [main] DEBUG c.i.web.interceptor.AuthInterceptor - // /user/regForm
[2021-07-24 17:00:22.709] [main] DEBUG c.i.web.interceptor.AuthInterceptor - // /user/regProc
[2021-07-24 17:00:22.709] [main] DEBUG c.i.web.interceptor.AuthInterceptor - // /user/idCheck
[2021-07-24 17:00:22.709] [main] DEBUG c.i.web.interceptor.AuthInterceptor - //////////////////////////////////////////////////
[2021-07-24 17:00:22.709] [main] DEBUG c.i.web.interceptor.AuthInterceptor - ############################################################################
[2021-07-24 17:00:22.742] [main] DEBUG o.s.w.s.m.m.a.RequestMappingHandlerMapping - 6 mappings in 'org.springframework.web.servlet.mvc.method.annotation.RequestMappingHandlerMapping'
[2021-07-24 17:00:22.742] [main] DEBUG o.s.b.f.s.DefaultListableBeanFactory - Creating shared instance of singleton bean 'org.springframework.web.servlet.mvc.method.annotation.RequestMappingHandlerAdapter'
[2021-07-24 17:00:23.060] [main] DEBUG o.s.w.s.m.m.a.RequestMappingHandlerAdapter - ControllerAdvice beans: none
[2021-07-24 17:00:23.166] [main] DEBUG o.s.b.f.s.DefaultListableBeanFactory - Creating shared instance of singleton bean 'mvcUriComponentsContributor'
[2021-07-24 17:00:23.175] [main] DEBUG o.s.w.s.m.m.a.RequestMappingHandlerAdapter - ControllerAdvice beans: none
[2021-07-24 17:00:23.183] [main] DEBUG o.s.b.f.s.DefaultListableBeanFactory - Creating shared instance of singleton bean 'org.springframework.web.servlet.mvc.method.annotation.ExceptionHandlerExceptionResolver#0'
[2021-07-24 17:00:23.212] [main] DEBUG o.s.w.s.m.m.a.ExceptionHandlerExceptionResolver - ControllerAdvice beans: none
[2021-07-24 17:00:23.213] [main] DEBUG o.s.b.f.s.DefaultListableBeanFactory - Creating shared instance of singleton bean 'org.springframework.web.servlet.mvc.annotation.ResponseStatusExceptionResolver#0'
[2021-07-24 17:00:23.225] [main] DEBUG o.s.b.f.s.DefaultListableBeanFactory - Creating shared instance of singleton bean 'org.springframework.web.servlet.mvc.support.DefaultHandlerExceptionResolver#0'
[2021-07-24 17:00:23.232] [main] DEBUG o.s.b.f.s.DefaultListableBeanFactory - Creating shared instance of singleton bean 'org.springframework.web.servlet.handler.BeanNameUrlHandlerMapping'
[2021-07-24 17:00:23.252] [main] DEBUG o.s.b.f.s.DefaultListableBeanFactory - Creating shared instance of singleton bean 'org.springframework.web.servlet.mvc.HttpRequestHandlerAdapter'
[2021-07-24 17:00:23.253] [main] DEBUG o.s.b.f.s.DefaultListableBeanFactory - Creating shared instance of singleton bean 'org.springframework.web.servlet.mvc.SimpleControllerHandlerAdapter'
[2021-07-24 17:00:23.253] [main] DEBUG o.s.b.f.s.DefaultListableBeanFactory - Creating shared instance of singleton bean 'mvcResourceUrlProvider'
[2021-07-24 17:00:23.254] [main] DEBUG o.s.b.f.s.DefaultListableBeanFactory - Creating shared instance of singleton bean 'mvcPathMatcher'
[2021-07-24 17:00:23.254] [main] DEBUG o.s.b.f.s.DefaultListableBeanFactory - Creating shared instance of singleton bean 'mvcUrlPathHelper'
[2021-07-24 17:00:23.255] [main] DEBUG o.s.b.f.s.DefaultListableBeanFactory - Creating shared instance of singleton bean 'org.springframework.web.servlet.resource.ResourceHttpRequestHandler#0'
[2021-07-24 17:00:23.285] [main] DEBUG o.s.b.f.s.DefaultListableBeanFactory - Creating shared instance of singleton bean 'org.springframework.web.servlet.handler.SimpleUrlHandlerMapping#0'
[2021-07-24 17:00:23.294] [main] DEBUG o.s.w.s.h.SimpleUrlHandlerMapping - Patterns [/resources/**] in 'org.springframework.web.servlet.handler.SimpleUrlHandlerMapping#0'
[2021-07-24 17:00:23.295] [main] DEBUG o.s.b.f.s.DefaultListableBeanFactory - Creating shared instance of singleton bean 'org.springframework.web.servlet.view.BeanNameViewResolver#0'
[2021-07-24 17:00:23.308] [main] DEBUG o.s.b.f.s.DefaultListableBeanFactory - Creating shared instance of singleton bean 'internalResourceViewResolver'
[2021-07-24 17:00:23.342] [main] DEBUG o.s.b.f.s.DefaultListableBeanFactory - Creating shared instance of singleton bean 'fileDownloadView'
[2021-07-24 17:00:23.346] [main] DEBUG o.s.b.f.s.DefaultListableBeanFactory - Creating shared instance of singleton bean 'multipartResolver'
[2021-07-24 17:00:23.403] [main] DEBUG o.s.web.servlet.DispatcherServlet - Detected CommonsMultipartResolver
[2021-07-24 17:00:23.416] [main] DEBUG o.springframework.jndi.JndiTemplate - Looking up JNDI object with name [java:comp/env/spring.liveBeansView.mbeanDomain]
[2021-07-24 17:00:23.416] [main] DEBUG o.s.jndi.JndiLocatorDelegate - Converted JNDI name [java:comp/env/spring.liveBeansView.mbeanDomain] not found - trying original name [spring.liveBeansView.mbeanDomain]. javax.naming.NameNotFoundException: Name [spring.liveBeansView.mbeanDomain]은(는) 이 컨텍스트에 바인딩되지 않았습니다. [spring.liveBeansView.mbeanDomain]을(를) 찾을 수 없습니다.
[2021-07-24 17:00:23.416] [main] DEBUG o.springframework.jndi.JndiTemplate - Looking up JNDI object with name [spring.liveBeansView.mbeanDomain]
[2021-07-24 17:00:23.416] [main] DEBUG o.s.jndi.JndiPropertySource - JNDI lookup for name [spring.liveBeansView.mbeanDomain] threw NamingException with message: Name [spring.liveBeansView.mbeanDomain]은(는) 이 컨텍스트에 바인딩되지 않았습니다. [spring.liveBeansView.mbeanDomain]을(를) 찾을 수 없습니다.. Returning null.
[2021-07-24 17:00:23.417] [main] DEBUG o.s.web.servlet.DispatcherServlet - enableLoggingRequestDetails='false': request parameters and headers will be masked to prevent unsafe logging of potentially sensitive data
[2021-07-24 17:00:23.417] [main] INFO  o.s.web.servlet.DispatcherServlet - Completed initialization in 1212 ms
[2021-07-24 17:00:39.299] [http-nio-8088-exec-1] DEBUG o.s.web.servlet.DispatcherServlet - "FORWARD" dispatch for GET "/index", parameters={}
[2021-07-24 17:00:39.305] [http-nio-8088-exec-1] DEBUG o.s.w.s.m.m.a.RequestMappingHandlerMapping - Mapped to com.icia.web.controller.IndexController#index(HttpServletRequest, HttpServletResponse)
[2021-07-24 17:00:39.315] [http-nio-8088-exec-1] DEBUG c.i.web.interceptor.AuthInterceptor - ############################################################################
[2021-07-24 17:00:39.315] [http-nio-8088-exec-1] DEBUG c.i.web.interceptor.AuthInterceptor - # Logging start [/index]
[2021-07-24 17:00:39.316] [http-nio-8088-exec-1] DEBUG c.i.web.interceptor.AuthInterceptor - ############################################################################
[2021-07-24 17:00:39.321] [http-nio-8088-exec-1] DEBUG c.i.web.interceptor.AuthInterceptor - 
////////////////////////////////////////////////////////////////////////////////
[Remote IP] : [127.0.0.1]
[Locale]    : [ko_KR]
[URL]       : [http://hiboard.icia.co.kr:8088/index]
[URI]       : [/index]
[Method]    : [GET]
[Protocol]  : [HTTP/1.1]
[Referer]   : []
////////////////////////////////////////////////////////////////////////////////
// Headers                                                                      
////////////////////////////////////////////////////////////////////////////////
[host] : [hiboard.icia.co.kr:8088]
[connection] : [keep-alive]
[upgrade-insecure-requests] : [1]
[user-agent] : [Mozilla/5.0 (Windows NT 10.0; Win64; x64) AppleWebKit/537.36 (KHTML, like Gecko) Chrome/91.0.4472.164 Safari/537.36]
[accept] : [text/html,application/xhtml+xml,application/xml;q=0.9,image/avif,image/webp,image/apng,*/*;q=0.8,application/signed-exchange;v=b3;q=0.9]
[purpose] : [prefetch]
[accept-encoding] : [gzip, deflate]
[accept-language] : [ko-KR,ko;q=0.9,en-US;q=0.8,en;q=0.7]
[cookie] : [_gcl_aw=GCL.1624923228.EAIaIQobChMI2IGz3L678QIVnL2WCh2dHgqdEAAYASAAEgKgp_D_BwE; _gcl_au=1.1.209797141.1624923228; _fbp=fb.2.1624923228692.493252562; _gac_UA-152407077-1=1.1624923229.EAIaIQobChMI2IGz3L678QIVnL2WCh2dHgqdEAAYASAAEgKgp_D_BwE; _ga=GA1.3.1233798896.1624923228; _ga_K1MBH8GF2W=GS1.1.1624923227.1.1.1624923600.36]
////////////////////////////////////////////////////////////////////////////////

////////////////////////////////////////////////////////////////////////////////
// Get Parameters                                                               
////////////////////////////////////////////////////////////////////////////////

////////////////////////////////////////////////////////////////////////////////

[2021-07-24 17:00:39.321] [http-nio-8088-exec-1] DEBUG c.i.web.interceptor.AuthInterceptor - ############################################################################
[2021-07-24 17:00:39.322] [http-nio-8088-exec-1] DEBUG c.i.web.interceptor.AuthInterceptor - ############################################################################
[2021-07-24 17:00:39.364] [http-nio-8088-exec-1] DEBUG o.s.web.servlet.view.JstlView - View name '/index', model {}
[2021-07-24 17:00:39.376] [http-nio-8088-exec-1] DEBUG o.s.web.servlet.view.JstlView - Forwarding to [/WEB-INF/views/index.jsp]
[2021-07-24 17:00:39.430] [http-nio-8088-exec-1] DEBUG c.i.web.interceptor.AuthInterceptor - ############################################################################
[2021-07-24 17:00:39.431] [http-nio-8088-exec-1] DEBUG c.i.web.interceptor.AuthInterceptor - # Logging end                                                              #
[2021-07-24 17:00:39.431] [http-nio-8088-exec-1] DEBUG c.i.web.interceptor.AuthInterceptor - ############################################################################
[2021-07-24 17:00:39.431] [http-nio-8088-exec-1] DEBUG c.i.web.interceptor.AuthInterceptor - # [request url]          : [/index]
[2021-07-24 17:00:39.432] [http-nio-8088-exec-1] DEBUG c.i.web.interceptor.AuthInterceptor - # [elapse time (second)] : [0.115]
[2021-07-24 17:00:39.433] [http-nio-8088-exec-1] DEBUG c.i.web.interceptor.AuthInterceptor - ############################################################################
[2021-07-24 17:00:39.433] [http-nio-8088-exec-1] DEBUG o.s.web.servlet.DispatcherServlet - Exiting from "FORWARD" dispatch, status 200
[2021-07-24 17:00:39.457] [http-nio-8088-exec-2] DEBUG o.s.web.servlet.DispatcherServlet - GET "/resources/css/bootstrap.min.css", parameters={}
[2021-07-24 17:00:39.457] [http-nio-8088-exec-3] DEBUG o.s.web.servlet.DispatcherServlet - GET "/resources/js/jquery-3.5.1.min.js", parameters={}
[2021-07-24 17:00:39.458] [http-nio-8088-exec-4] DEBUG o.s.web.servlet.DispatcherServlet - GET "/resources/js/icia.common.js", parameters={}
[2021-07-24 17:00:39.473] [http-nio-8088-exec-4] DEBUG o.s.w.s.h.SimpleUrlHandlerMapping - Mapped to ResourceHttpRequestHandler ["/WEB-INF/views/resources/"]
[2021-07-24 17:00:39.473] [http-nio-8088-exec-3] DEBUG o.s.w.s.h.SimpleUrlHandlerMapping - Mapped to ResourceHttpRequestHandler ["/WEB-INF/views/resources/"]
[2021-07-24 17:00:39.473] [http-nio-8088-exec-2] DEBUG o.s.w.s.h.SimpleUrlHandlerMapping - Mapped to ResourceHttpRequestHandler ["/WEB-INF/views/resources/"]
[2021-07-24 17:00:39.520] [http-nio-8088-exec-2] DEBUG o.s.web.servlet.DispatcherServlet - Completed 200 OK
[2021-07-24 17:00:39.526] [http-nio-8088-exec-3] DEBUG o.s.web.servlet.DispatcherServlet - Completed 200 OK
[2021-07-24 17:00:39.611] [http-nio-8088-exec-4] DEBUG o.s.web.servlet.DispatcherServlet - Completed 200 OK
[2021-07-24 17:00:41.147] [http-nio-8088-exec-5] DEBUG o.s.web.servlet.DispatcherServlet - "FORWARD" dispatch for GET "/index", parameters={}
[2021-07-24 17:00:41.149] [http-nio-8088-exec-5] DEBUG o.s.w.s.m.m.a.RequestMappingHandlerMapping - Mapped to com.icia.web.controller.IndexController#index(HttpServletRequest, HttpServletResponse)
[2021-07-24 17:00:41.150] [http-nio-8088-exec-5] DEBUG c.i.web.interceptor.AuthInterceptor - ############################################################################
[2021-07-24 17:00:41.150] [http-nio-8088-exec-5] DEBUG c.i.web.interceptor.AuthInterceptor - # Logging start [/index]
[2021-07-24 17:00:41.150] [http-nio-8088-exec-5] DEBUG c.i.web.interceptor.AuthInterceptor - ############################################################################
[2021-07-24 17:00:41.151] [http-nio-8088-exec-5] DEBUG c.i.web.interceptor.AuthInterceptor - 
////////////////////////////////////////////////////////////////////////////////
[Remote IP] : [127.0.0.1]
[Locale]    : [ko_KR]
[URL]       : [http://hiboard.icia.co.kr:8088/index]
[URI]       : [/index]
[Method]    : [GET]
[Protocol]  : [HTTP/1.1]
[Referer]   : []
////////////////////////////////////////////////////////////////////////////////
// Headers                                                                      
////////////////////////////////////////////////////////////////////////////////
[host] : [hiboard.icia.co.kr:8088]
[connection] : [keep-alive]
[upgrade-insecure-requests] : [1]
[user-agent] : [Mozilla/5.0 (Windows NT 10.0; Win64; x64) AppleWebKit/537.36 (KHTML, like Gecko) Chrome/91.0.4472.164 Safari/537.36]
[accept] : [text/html,application/xhtml+xml,application/xml;q=0.9,image/avif,image/webp,image/apng,*/*;q=0.8,application/signed-exchange;v=b3;q=0.9]
[accept-encoding] : [gzip, deflate]
[accept-language] : [ko-KR,ko;q=0.9,en-US;q=0.8,en;q=0.7]
[cookie] : [_gcl_aw=GCL.1624923228.EAIaIQobChMI2IGz3L678QIVnL2WCh2dHgqdEAAYASAAEgKgp_D_BwE; _gcl_au=1.1.209797141.1624923228; _fbp=fb.2.1624923228692.493252562; _gac_UA-152407077-1=1.1624923229.EAIaIQobChMI2IGz3L678QIVnL2WCh2dHgqdEAAYASAAEgKgp_D_BwE; _ga=GA1.3.1233798896.1624923228; _ga_K1MBH8GF2W=GS1.1.1624923227.1.1.1624923600.36; JSESSIONID=8F6F677145719B3A9D79F6ADFB1006A6]
////////////////////////////////////////////////////////////////////////////////

////////////////////////////////////////////////////////////////////////////////
// Get Parameters                                                               
////////////////////////////////////////////////////////////////////////////////

////////////////////////////////////////////////////////////////////////////////

[2021-07-24 17:00:41.152] [http-nio-8088-exec-5] DEBUG c.i.web.interceptor.AuthInterceptor - ############################################################################
[2021-07-24 17:00:41.153] [http-nio-8088-exec-5] DEBUG c.i.web.interceptor.AuthInterceptor - ############################################################################
[2021-07-24 17:00:41.154] [http-nio-8088-exec-5] DEBUG o.s.web.servlet.view.JstlView - View name '/index', model {}
[2021-07-24 17:00:41.155] [http-nio-8088-exec-5] DEBUG o.s.web.servlet.view.JstlView - Forwarding to [/WEB-INF/views/index.jsp]
[2021-07-24 17:00:41.157] [http-nio-8088-exec-5] DEBUG c.i.web.interceptor.AuthInterceptor - ############################################################################
[2021-07-24 17:00:41.157] [http-nio-8088-exec-5] DEBUG c.i.web.interceptor.AuthInterceptor - # Logging end                                                              #
[2021-07-24 17:00:41.157] [http-nio-8088-exec-5] DEBUG c.i.web.interceptor.AuthInterceptor - ############################################################################
[2021-07-24 17:00:41.157] [http-nio-8088-exec-5] DEBUG c.i.web.interceptor.AuthInterceptor - # [request url]          : [/index]
[2021-07-24 17:00:41.157] [http-nio-8088-exec-5] DEBUG c.i.web.interceptor.AuthInterceptor - # [elapse time (second)] : [0.007]
[2021-07-24 17:00:41.157] [http-nio-8088-exec-5] DEBUG c.i.web.interceptor.AuthInterceptor - ############################################################################
[2021-07-24 17:00:41.157] [http-nio-8088-exec-5] DEBUG o.s.web.servlet.DispatcherServlet - Exiting from "FORWARD" dispatch, status 200
[2021-07-24 17:00:41.223] [http-nio-8088-exec-6] DEBUG o.s.web.servlet.DispatcherServlet - GET "/resources/css/bootstrap.min.css", parameters={}
[2021-07-24 17:00:41.224] [http-nio-8088-exec-6] DEBUG o.s.w.s.h.SimpleUrlHandlerMapping - Mapped to ResourceHttpRequestHandler ["/WEB-INF/views/resources/"]
[2021-07-24 17:00:41.231] [http-nio-8088-exec-7] DEBUG o.s.web.servlet.DispatcherServlet - GET "/resources/js/jquery-3.5.1.min.js", parameters={}
[2021-07-24 17:00:41.232] [http-nio-8088-exec-8] DEBUG o.s.web.servlet.DispatcherServlet - GET "/resources/js/icia.common.js", parameters={}
[2021-07-24 17:00:41.233] [http-nio-8088-exec-6] DEBUG o.s.web.servlet.DispatcherServlet - Completed 200 OK
[2021-07-24 17:00:41.233] [http-nio-8088-exec-7] DEBUG o.s.w.s.h.SimpleUrlHandlerMapping - Mapped to ResourceHttpRequestHandler ["/WEB-INF/views/resources/"]
[2021-07-24 17:00:41.234] [http-nio-8088-exec-8] DEBUG o.s.w.s.h.SimpleUrlHandlerMapping - Mapped to ResourceHttpRequestHandler ["/WEB-INF/views/resources/"]
[2021-07-24 17:00:41.242] [http-nio-8088-exec-7] DEBUG o.s.web.servlet.DispatcherServlet - Completed 200 OK
[2021-07-24 17:00:41.244] [http-nio-8088-exec-8] DEBUG o.s.web.servlet.DispatcherServlet - Completed 200 OK
[2021-07-24 17:00:42.394] [http-nio-8088-exec-9] DEBUG o.s.web.servlet.DispatcherServlet - "FORWARD" dispatch for GET "/index", parameters={}
[2021-07-24 17:00:42.394] [http-nio-8088-exec-9] DEBUG o.s.w.s.m.m.a.RequestMappingHandlerMapping - Mapped to com.icia.web.controller.IndexController#index(HttpServletRequest, HttpServletResponse)
[2021-07-24 17:00:42.394] [http-nio-8088-exec-9] DEBUG c.i.web.interceptor.AuthInterceptor - ############################################################################
[2021-07-24 17:00:42.394] [http-nio-8088-exec-9] DEBUG c.i.web.interceptor.AuthInterceptor - # Logging start [/index]
[2021-07-24 17:00:42.395] [http-nio-8088-exec-9] DEBUG c.i.web.interceptor.AuthInterceptor - ############################################################################
[2021-07-24 17:00:42.395] [http-nio-8088-exec-9] DEBUG c.i.web.interceptor.AuthInterceptor - 
////////////////////////////////////////////////////////////////////////////////
[Remote IP] : [127.0.0.1]
[Locale]    : [ko_KR]
[URL]       : [http://hiboard.icia.co.kr:8088/index]
[URI]       : [/index]
[Method]    : [GET]
[Protocol]  : [HTTP/1.1]
[Referer]   : []
////////////////////////////////////////////////////////////////////////////////
// Headers                                                                      
////////////////////////////////////////////////////////////////////////////////
[accept] : [*/*]
[accept-language] : [ko-KR]
[accept-encoding] : [gzip, deflate]
[user-agent] : [Mozilla/4.0 (compatible; MSIE 7.0; Windows NT 6.2; WOW64; Trident/7.0; .NET4.0C; .NET4.0E; .NET CLR 2.0.50727; .NET CLR 3.0.30729; .NET CLR 3.5.30729; mquickfind=1.0.1; wbx 1.0.0; wbxapp 1.0.0; Zoom 3.6.0)]
[host] : [hiboard.icia.co.kr:8088]
[connection] : [Keep-Alive]
////////////////////////////////////////////////////////////////////////////////

////////////////////////////////////////////////////////////////////////////////
// Get Parameters                                                               
////////////////////////////////////////////////////////////////////////////////

////////////////////////////////////////////////////////////////////////////////

[2021-07-24 17:00:42.395] [http-nio-8088-exec-9] DEBUG c.i.web.interceptor.AuthInterceptor - ############################################################################
[2021-07-24 17:00:42.395] [http-nio-8088-exec-9] DEBUG c.i.web.interceptor.AuthInterceptor - ############################################################################
[2021-07-24 17:00:42.395] [http-nio-8088-exec-9] DEBUG o.s.web.servlet.view.JstlView - View name '/index', model {}
[2021-07-24 17:00:42.395] [http-nio-8088-exec-9] DEBUG o.s.web.servlet.view.JstlView - Forwarding to [/WEB-INF/views/index.jsp]
[2021-07-24 17:00:42.396] [http-nio-8088-exec-9] DEBUG c.i.web.interceptor.AuthInterceptor - ############################################################################
[2021-07-24 17:00:42.396] [http-nio-8088-exec-9] DEBUG c.i.web.interceptor.AuthInterceptor - # Logging end                                                              #
[2021-07-24 17:00:42.396] [http-nio-8088-exec-9] DEBUG c.i.web.interceptor.AuthInterceptor - ############################################################################
[2021-07-24 17:00:42.396] [http-nio-8088-exec-9] DEBUG c.i.web.interceptor.AuthInterceptor - # [request url]          : [/index]
[2021-07-24 17:00:42.396] [http-nio-8088-exec-9] DEBUG c.i.web.interceptor.AuthInterceptor - # [elapse time (second)] : [0.002]
[2021-07-24 17:00:42.396] [http-nio-8088-exec-9] DEBUG c.i.web.interceptor.AuthInterceptor - ############################################################################
[2021-07-24 17:00:42.396] [http-nio-8088-exec-9] DEBUG o.s.web.servlet.DispatcherServlet - Exiting from "FORWARD" dispatch, status 200
[2021-07-24 17:00:42.428] [http-nio-8088-exec-10] DEBUG o.s.web.servlet.DispatcherServlet - GET "/resources/css/bootstrap.min.css", parameters={}
[2021-07-24 17:00:42.429] [http-nio-8088-exec-10] DEBUG o.s.w.s.h.SimpleUrlHandlerMapping - Mapped to ResourceHttpRequestHandler ["/WEB-INF/views/resources/"]
[2021-07-24 17:00:42.429] [http-nio-8088-exec-1] DEBUG o.s.web.servlet.DispatcherServlet - GET "/resources/js/jquery-3.5.1.min.js", parameters={}
[2021-07-24 17:00:42.429] [http-nio-8088-exec-1] DEBUG o.s.w.s.h.SimpleUrlHandlerMapping - Mapped to ResourceHttpRequestHandler ["/WEB-INF/views/resources/"]
[2021-07-24 17:00:42.434] [http-nio-8088-exec-1] DEBUG o.s.web.servlet.DispatcherServlet - Completed 200 OK
[2021-07-24 17:00:42.434] [http-nio-8088-exec-10] DEBUG o.s.web.servlet.DispatcherServlet - Completed 200 OK
[2021-07-24 17:00:42.436] [http-nio-8088-exec-2] DEBUG o.s.web.servlet.DispatcherServlet - GET "/resources/js/icia.common.js", parameters={}
[2021-07-24 17:00:42.437] [http-nio-8088-exec-2] DEBUG o.s.w.s.h.SimpleUrlHandlerMapping - Mapped to ResourceHttpRequestHandler ["/WEB-INF/views/resources/"]
[2021-07-24 17:00:42.439] [http-nio-8088-exec-2] DEBUG o.s.web.servlet.DispatcherServlet - Completed 200 OK
[2021-07-24 17:00:47.851] [http-nio-8088-exec-5] DEBUG o.s.web.servlet.DispatcherServlet - POST "/user/login", parameters={masked}
[2021-07-24 17:00:47.856] [http-nio-8088-exec-5] DEBUG o.s.w.s.m.m.a.RequestMappingHandlerMapping - Mapped to com.icia.web.controller.UserController#login(HttpServletRequest, HttpServletResponse)
[2021-07-24 17:00:47.856] [http-nio-8088-exec-5] DEBUG c.i.web.interceptor.AuthInterceptor - ############################################################################
[2021-07-24 17:00:47.856] [http-nio-8088-exec-5] DEBUG c.i.web.interceptor.AuthInterceptor - # Logging start [/user/login]
[2021-07-24 17:00:47.856] [http-nio-8088-exec-5] DEBUG c.i.web.interceptor.AuthInterceptor - ############################################################################
[2021-07-24 17:00:47.857] [http-nio-8088-exec-5] DEBUG c.i.web.interceptor.AuthInterceptor - 
////////////////////////////////////////////////////////////////////////////////
[Remote IP] : [127.0.0.1]
[Locale]    : [ko_KR]
[URL]       : [http://hiboard.icia.co.kr:8088/user/login]
[URI]       : [/user/login]
[Method]    : [POST]
[Protocol]  : [HTTP/1.1]
[Referer]   : [http://hiboard.icia.co.kr:8088/]
////////////////////////////////////////////////////////////////////////////////
// Headers                                                                      
////////////////////////////////////////////////////////////////////////////////
[host] : [hiboard.icia.co.kr:8088]
[connection] : [keep-alive]
[content-length] : [24]
[accept] : [*/*]
[x-requested-with] : [XMLHttpRequest]
[user-agent] : [Mozilla/5.0 (Windows NT 10.0; Win64; x64) AppleWebKit/537.36 (KHTML, like Gecko) Chrome/91.0.4472.164 Safari/537.36]
[ajax] : [true]
[content-type] : [application/x-www-form-urlencoded; charset=UTF-8]
[origin] : [http://hiboard.icia.co.kr:8088]
[referer] : [http://hiboard.icia.co.kr:8088/]
[accept-encoding] : [gzip, deflate]
[accept-language] : [ko-KR,ko;q=0.9,en-US;q=0.8,en;q=0.7]
[cookie] : [_gcl_aw=GCL.1624923228.EAIaIQobChMI2IGz3L678QIVnL2WCh2dHgqdEAAYASAAEgKgp_D_BwE; _gcl_au=1.1.209797141.1624923228; _fbp=fb.2.1624923228692.493252562; _gac_UA-152407077-1=1.1624923229.EAIaIQobChMI2IGz3L678QIVnL2WCh2dHgqdEAAYASAAEgKgp_D_BwE; _ga=GA1.3.1233798896.1624923228; _ga_K1MBH8GF2W=GS1.1.1624923227.1.1.1624923600.36; JSESSIONID=8F6F677145719B3A9D79F6ADFB1006A6]
////////////////////////////////////////////////////////////////////////////////

////////////////////////////////////////////////////////////////////////////////
// Post Parameters                                                              
////////////////////////////////////////////////////////////////////////////////
[userId] : [icia]
[userPwd] : [1234]
////////////////////////////////////////////////////////////////////////////////

[2021-07-24 17:00:47.857] [http-nio-8088-exec-5] DEBUG c.i.web.interceptor.AuthInterceptor - ############################################################################
[2021-07-24 17:00:47.857] [http-nio-8088-exec-5] DEBUG c.i.web.interceptor.AuthInterceptor - ############################################################################
[2021-07-24 17:00:47.915] [http-nio-8088-exec-5] DEBUG o.s.jdbc.datasource.DataSourceUtils - Fetching JDBC Connection from DataSource
[2021-07-24 17:00:47.935] [http-nio-8088-exec-5] DEBUG com.icia.web.dao.UserDao.userSelect - ==>  Preparing: SELECT USER_ID, NVL(USER_PWD,'') AS USER_PWD, NVL(USER_NAME,'') AS USER_NAME, NVL(USER_EMAIL,'') AS USER_EMAIL, NVL(STATUS,'') AS STATUS, NVL(TO_CHAR(REG_DATE, 'YYYY.MM.DD HH24:MI:SS'), '') AS REG_DATE FROM TBL_USER WHERE USER_ID= ?
[2021-07-24 17:00:48.072] [http-nio-8088-exec-5] DEBUG com.icia.web.dao.UserDao.userSelect - ==> Parameters: icia(String)
[2021-07-24 17:00:48.105] [http-nio-8088-exec-5] DEBUG com.icia.web.dao.UserDao.userSelect - <==      Total: 1
[2021-07-24 17:00:48.130] [http-nio-8088-exec-5] DEBUG c.i.web.controller.IndexController - [UserController] /user/login response
{
  "code": 0,
  "msg": "Success",
  "data": null
}
[2021-07-24 17:00:48.135] [http-nio-8088-exec-5] DEBUG o.s.w.s.m.m.a.RequestResponseBodyMethodProcessor - Using 'application/json', given [*/*] and supported [application/json, application/*+json, application/json, application/*+json]
[2021-07-24 17:00:48.136] [http-nio-8088-exec-5] DEBUG o.s.w.s.m.m.a.RequestResponseBodyMethodProcessor - Writing [com.icia.web.model.Response@596f163c]
[2021-07-24 17:00:48.139] [http-nio-8088-exec-5] DEBUG c.i.web.interceptor.AuthInterceptor - ############################################################################
[2021-07-24 17:00:48.139] [http-nio-8088-exec-5] DEBUG c.i.web.interceptor.AuthInterceptor - # Logging end                                                              #
[2021-07-24 17:00:48.139] [http-nio-8088-exec-5] DEBUG c.i.web.interceptor.AuthInterceptor - ############################################################################
[2021-07-24 17:00:48.139] [http-nio-8088-exec-5] DEBUG c.i.web.interceptor.AuthInterceptor - # [request url]          : [/user/login]
[2021-07-24 17:00:48.139] [http-nio-8088-exec-5] DEBUG c.i.web.interceptor.AuthInterceptor - # [elapse time (second)] : [0.283]
[2021-07-24 17:00:48.140] [http-nio-8088-exec-5] DEBUG c.i.web.interceptor.AuthInterceptor - ############################################################################
[2021-07-24 17:00:48.140] [http-nio-8088-exec-5] DEBUG o.s.web.servlet.DispatcherServlet - Completed 200 OK
[2021-07-24 17:00:49.338] [http-nio-8088-exec-6] DEBUG o.s.web.servlet.DispatcherServlet - "FORWARD" dispatch for GET "/index", parameters={}
[2021-07-24 17:00:49.340] [http-nio-8088-exec-6] DEBUG o.s.w.s.m.m.a.RequestMappingHandlerMapping - Mapped to com.icia.web.controller.IndexController#index(HttpServletRequest, HttpServletResponse)
[2021-07-24 17:00:49.340] [http-nio-8088-exec-6] DEBUG c.i.web.interceptor.AuthInterceptor - ############################################################################
[2021-07-24 17:00:49.340] [http-nio-8088-exec-6] DEBUG c.i.web.interceptor.AuthInterceptor - # Logging start [/index]
[2021-07-24 17:00:49.340] [http-nio-8088-exec-6] DEBUG c.i.web.interceptor.AuthInterceptor - ############################################################################
[2021-07-24 17:00:49.341] [http-nio-8088-exec-6] DEBUG c.i.web.interceptor.AuthInterceptor - 
////////////////////////////////////////////////////////////////////////////////
[Remote IP] : [127.0.0.1]
[Locale]    : [ko_KR]
[URL]       : [http://hiboard.icia.co.kr:8088/index]
[URI]       : [/index]
[Method]    : [GET]
[Protocol]  : [HTTP/1.1]
[Referer]   : [http://hiboard.icia.co.kr:8088/]
////////////////////////////////////////////////////////////////////////////////
// Headers                                                                      
////////////////////////////////////////////////////////////////////////////////
[host] : [hiboard.icia.co.kr:8088]
[connection] : [keep-alive]
[upgrade-insecure-requests] : [1]
[user-agent] : [Mozilla/5.0 (Windows NT 10.0; Win64; x64) AppleWebKit/537.36 (KHTML, like Gecko) Chrome/91.0.4472.164 Safari/537.36]
[accept] : [text/html,application/xhtml+xml,application/xml;q=0.9,image/avif,image/webp,image/apng,*/*;q=0.8,application/signed-exchange;v=b3;q=0.9]
[referer] : [http://hiboard.icia.co.kr:8088/]
[accept-encoding] : [gzip, deflate]
[accept-language] : [ko-KR,ko;q=0.9,en-US;q=0.8,en;q=0.7]
[cookie] : [_gcl_aw=GCL.1624923228.EAIaIQobChMI2IGz3L678QIVnL2WCh2dHgqdEAAYASAAEgKgp_D_BwE; _gcl_au=1.1.209797141.1624923228; _fbp=fb.2.1624923228692.493252562; _gac_UA-152407077-1=1.1624923229.EAIaIQobChMI2IGz3L678QIVnL2WCh2dHgqdEAAYASAAEgKgp_D_BwE; _ga=GA1.3.1233798896.1624923228; _ga_K1MBH8GF2W=GS1.1.1624923227.1.1.1624923600.36; JSESSIONID=8F6F677145719B3A9D79F6ADFB1006A6; USER_ID=69636961]
////////////////////////////////////////////////////////////////////////////////

////////////////////////////////////////////////////////////////////////////////
// Get Parameters                                                               
////////////////////////////////////////////////////////////////////////////////

////////////////////////////////////////////////////////////////////////////////

[2021-07-24 17:00:49.341] [http-nio-8088-exec-6] DEBUG c.i.web.interceptor.AuthInterceptor - ############################################################################
[2021-07-24 17:00:49.341] [http-nio-8088-exec-6] DEBUG c.i.web.interceptor.AuthInterceptor - ############################################################################
[2021-07-24 17:00:49.342] [http-nio-8088-exec-6] DEBUG o.s.web.servlet.view.JstlView - View name '/index', model {}
[2021-07-24 17:00:49.342] [http-nio-8088-exec-6] DEBUG o.s.web.servlet.view.JstlView - Forwarding to [/WEB-INF/views/index.jsp]
[2021-07-24 17:00:49.358] [http-nio-8088-exec-6] DEBUG c.i.web.interceptor.AuthInterceptor - ############################################################################
[2021-07-24 17:00:49.358] [http-nio-8088-exec-6] DEBUG c.i.web.interceptor.AuthInterceptor - # Logging end                                                              #
[2021-07-24 17:00:49.358] [http-nio-8088-exec-6] DEBUG c.i.web.interceptor.AuthInterceptor - ############################################################################
[2021-07-24 17:00:49.358] [http-nio-8088-exec-6] DEBUG c.i.web.interceptor.AuthInterceptor - # [request url]          : [/index]
[2021-07-24 17:00:49.358] [http-nio-8088-exec-6] DEBUG c.i.web.interceptor.AuthInterceptor - # [elapse time (second)] : [0.018]
[2021-07-24 17:00:49.358] [http-nio-8088-exec-6] DEBUG c.i.web.interceptor.AuthInterceptor - ############################################################################
[2021-07-24 17:00:49.359] [http-nio-8088-exec-6] DEBUG o.s.web.servlet.DispatcherServlet - Exiting from "FORWARD" dispatch, status 200
[2021-07-24 17:00:49.383] [http-nio-8088-exec-7] DEBUG o.s.web.servlet.DispatcherServlet - GET "/resources/css/bootstrap.min.css", parameters={}
[2021-07-24 17:00:49.383] [http-nio-8088-exec-8] DEBUG o.s.web.servlet.DispatcherServlet - GET "/resources/js/jquery-3.5.1.min.js", parameters={}
[2021-07-24 17:00:49.383] [http-nio-8088-exec-9] DEBUG o.s.web.servlet.DispatcherServlet - GET "/resources/js/icia.common.js", parameters={}
[2021-07-24 17:00:49.384] [http-nio-8088-exec-7] DEBUG o.s.w.s.h.SimpleUrlHandlerMapping - Mapped to ResourceHttpRequestHandler ["/WEB-INF/views/resources/"]
[2021-07-24 17:00:49.384] [http-nio-8088-exec-9] DEBUG o.s.w.s.h.SimpleUrlHandlerMapping - Mapped to ResourceHttpRequestHandler ["/WEB-INF/views/resources/"]
[2021-07-24 17:00:49.384] [http-nio-8088-exec-8] DEBUG o.s.w.s.h.SimpleUrlHandlerMapping - Mapped to ResourceHttpRequestHandler ["/WEB-INF/views/resources/"]
[2021-07-24 17:00:49.390] [http-nio-8088-exec-9] DEBUG o.s.web.servlet.DispatcherServlet - Completed 200 OK
[2021-07-24 17:00:49.391] [http-nio-8088-exec-7] DEBUG o.s.web.servlet.DispatcherServlet - Completed 200 OK
[2021-07-24 17:00:49.398] [http-nio-8088-exec-8] DEBUG o.s.web.servlet.DispatcherServlet - Completed 200 OK
[2021-07-24 17:00:50.768] [http-nio-8088-exec-1] DEBUG o.s.web.servlet.DispatcherServlet - GET "/user/regForm", parameters={}
[2021-07-24 17:00:50.769] [http-nio-8088-exec-1] DEBUG o.s.w.s.m.m.a.RequestMappingHandlerMapping - Mapped to com.icia.web.controller.UserController#regForm(HttpServletRequest, HttpServletResponse)
[2021-07-24 17:00:50.769] [http-nio-8088-exec-1] DEBUG c.i.web.interceptor.AuthInterceptor - ############################################################################
[2021-07-24 17:00:50.770] [http-nio-8088-exec-1] DEBUG c.i.web.interceptor.AuthInterceptor - # Logging start [/user/regForm]
[2021-07-24 17:00:50.770] [http-nio-8088-exec-1] DEBUG c.i.web.interceptor.AuthInterceptor - ############################################################################
[2021-07-24 17:00:50.770] [http-nio-8088-exec-1] DEBUG c.i.web.interceptor.AuthInterceptor - 
////////////////////////////////////////////////////////////////////////////////
[Remote IP] : [127.0.0.1]
[Locale]    : [ko_KR]
[URL]       : [http://hiboard.icia.co.kr:8088/user/regForm]
[URI]       : [/user/regForm]
[Method]    : [GET]
[Protocol]  : [HTTP/1.1]
[Referer]   : [http://hiboard.icia.co.kr:8088/]
////////////////////////////////////////////////////////////////////////////////
// Headers                                                                      
////////////////////////////////////////////////////////////////////////////////
[host] : [hiboard.icia.co.kr:8088]
[connection] : [keep-alive]
[upgrade-insecure-requests] : [1]
[user-agent] : [Mozilla/5.0 (Windows NT 10.0; Win64; x64) AppleWebKit/537.36 (KHTML, like Gecko) Chrome/91.0.4472.164 Safari/537.36]
[accept] : [text/html,application/xhtml+xml,application/xml;q=0.9,image/avif,image/webp,image/apng,*/*;q=0.8,application/signed-exchange;v=b3;q=0.9]
[referer] : [http://hiboard.icia.co.kr:8088/]
[accept-encoding] : [gzip, deflate]
[accept-language] : [ko-KR,ko;q=0.9,en-US;q=0.8,en;q=0.7]
[cookie] : [_gcl_aw=GCL.1624923228.EAIaIQobChMI2IGz3L678QIVnL2WCh2dHgqdEAAYASAAEgKgp_D_BwE; _gcl_au=1.1.209797141.1624923228; _fbp=fb.2.1624923228692.493252562; _gac_UA-152407077-1=1.1624923229.EAIaIQobChMI2IGz3L678QIVnL2WCh2dHgqdEAAYASAAEgKgp_D_BwE; _ga=GA1.3.1233798896.1624923228; _ga_K1MBH8GF2W=GS1.1.1624923227.1.1.1624923600.36; JSESSIONID=8F6F677145719B3A9D79F6ADFB1006A6; USER_ID=69636961]
////////////////////////////////////////////////////////////////////////////////

////////////////////////////////////////////////////////////////////////////////
// Get Parameters                                                               
////////////////////////////////////////////////////////////////////////////////

////////////////////////////////////////////////////////////////////////////////

[2021-07-24 17:00:50.770] [http-nio-8088-exec-1] DEBUG c.i.web.interceptor.AuthInterceptor - ############################################################################
[2021-07-24 17:00:50.770] [http-nio-8088-exec-1] DEBUG c.i.web.interceptor.AuthInterceptor - ############################################################################
[2021-07-24 17:00:50.777] [http-nio-8088-exec-1] DEBUG o.s.web.servlet.view.RedirectView - View name 'redirect:', model {}
[2021-07-24 17:00:50.778] [http-nio-8088-exec-1] DEBUG c.i.web.interceptor.AuthInterceptor - ############################################################################
[2021-07-24 17:00:50.778] [http-nio-8088-exec-1] DEBUG c.i.web.interceptor.AuthInterceptor - # Logging end                                                              #
[2021-07-24 17:00:50.778] [http-nio-8088-exec-1] DEBUG c.i.web.interceptor.AuthInterceptor - ############################################################################
[2021-07-24 17:00:50.779] [http-nio-8088-exec-1] DEBUG c.i.web.interceptor.AuthInterceptor - # [request url]          : [/user/regForm]
[2021-07-24 17:00:50.779] [http-nio-8088-exec-1] DEBUG c.i.web.interceptor.AuthInterceptor - # [elapse time (second)] : [0.009]
[2021-07-24 17:00:50.779] [http-nio-8088-exec-1] DEBUG c.i.web.interceptor.AuthInterceptor - ############################################################################
[2021-07-24 17:00:50.780] [http-nio-8088-exec-1] DEBUG o.s.web.servlet.DispatcherServlet - Completed 302 FOUND
[2021-07-24 17:00:50.786] [http-nio-8088-exec-10] DEBUG o.s.web.servlet.DispatcherServlet - "FORWARD" dispatch for GET "/index", parameters={}
[2021-07-24 17:00:50.786] [http-nio-8088-exec-10] DEBUG o.s.w.s.m.m.a.RequestMappingHandlerMapping - Mapped to com.icia.web.controller.IndexController#index(HttpServletRequest, HttpServletResponse)
[2021-07-24 17:00:50.787] [http-nio-8088-exec-10] DEBUG c.i.web.interceptor.AuthInterceptor - ############################################################################
[2021-07-24 17:00:50.787] [http-nio-8088-exec-10] DEBUG c.i.web.interceptor.AuthInterceptor - # Logging start [/index]
[2021-07-24 17:00:50.787] [http-nio-8088-exec-10] DEBUG c.i.web.interceptor.AuthInterceptor - ############################################################################
[2021-07-24 17:00:50.787] [http-nio-8088-exec-10] DEBUG c.i.web.interceptor.AuthInterceptor - 
////////////////////////////////////////////////////////////////////////////////
[Remote IP] : [127.0.0.1]
[Locale]    : [ko_KR]
[URL]       : [http://hiboard.icia.co.kr:8088/index]
[URI]       : [/index]
[Method]    : [GET]
[Protocol]  : [HTTP/1.1]
[Referer]   : [http://hiboard.icia.co.kr:8088/]
////////////////////////////////////////////////////////////////////////////////
// Headers                                                                      
////////////////////////////////////////////////////////////////////////////////
[host] : [hiboard.icia.co.kr:8088]
[connection] : [keep-alive]
[upgrade-insecure-requests] : [1]
[user-agent] : [Mozilla/5.0 (Windows NT 10.0; Win64; x64) AppleWebKit/537.36 (KHTML, like Gecko) Chrome/91.0.4472.164 Safari/537.36]
[accept] : [text/html,application/xhtml+xml,application/xml;q=0.9,image/avif,image/webp,image/apng,*/*;q=0.8,application/signed-exchange;v=b3;q=0.9]
[referer] : [http://hiboard.icia.co.kr:8088/]
[accept-encoding] : [gzip, deflate]
[accept-language] : [ko-KR,ko;q=0.9,en-US;q=0.8,en;q=0.7]
[cookie] : [_gcl_aw=GCL.1624923228.EAIaIQobChMI2IGz3L678QIVnL2WCh2dHgqdEAAYASAAEgKgp_D_BwE; _gcl_au=1.1.209797141.1624923228; _fbp=fb.2.1624923228692.493252562; _gac_UA-152407077-1=1.1624923229.EAIaIQobChMI2IGz3L678QIVnL2WCh2dHgqdEAAYASAAEgKgp_D_BwE; _ga=GA1.3.1233798896.1624923228; _ga_K1MBH8GF2W=GS1.1.1624923227.1.1.1624923600.36; JSESSIONID=8F6F677145719B3A9D79F6ADFB1006A6; USER_ID=69636961]
////////////////////////////////////////////////////////////////////////////////

////////////////////////////////////////////////////////////////////////////////
// Get Parameters                                                               
////////////////////////////////////////////////////////////////////////////////

////////////////////////////////////////////////////////////////////////////////

[2021-07-24 17:00:50.787] [http-nio-8088-exec-10] DEBUG c.i.web.interceptor.AuthInterceptor - ############################################################################
[2021-07-24 17:00:50.787] [http-nio-8088-exec-10] DEBUG c.i.web.interceptor.AuthInterceptor - ############################################################################
[2021-07-24 17:00:50.788] [http-nio-8088-exec-10] DEBUG o.s.web.servlet.view.JstlView - View name '/index', model {}
[2021-07-24 17:00:50.788] [http-nio-8088-exec-10] DEBUG o.s.web.servlet.view.JstlView - Forwarding to [/WEB-INF/views/index.jsp]
[2021-07-24 17:00:50.788] [http-nio-8088-exec-10] DEBUG c.i.web.interceptor.AuthInterceptor - ############################################################################
[2021-07-24 17:00:50.788] [http-nio-8088-exec-10] DEBUG c.i.web.interceptor.AuthInterceptor - # Logging end                                                              #
[2021-07-24 17:00:50.788] [http-nio-8088-exec-10] DEBUG c.i.web.interceptor.AuthInterceptor - ############################################################################
[2021-07-24 17:00:50.789] [http-nio-8088-exec-10] DEBUG c.i.web.interceptor.AuthInterceptor - # [request url]          : [/index]
[2021-07-24 17:00:50.789] [http-nio-8088-exec-10] DEBUG c.i.web.interceptor.AuthInterceptor - # [elapse time (second)] : [0.001]
[2021-07-24 17:00:50.789] [http-nio-8088-exec-10] DEBUG c.i.web.interceptor.AuthInterceptor - ############################################################################
[2021-07-24 17:00:50.789] [http-nio-8088-exec-10] DEBUG o.s.web.servlet.DispatcherServlet - Exiting from "FORWARD" dispatch, status 200
[2021-07-24 17:00:50.866] [http-nio-8088-exec-2] DEBUG o.s.web.servlet.DispatcherServlet - GET "/resources/css/bootstrap.min.css", parameters={}
[2021-07-24 17:00:50.866] [http-nio-8088-exec-3] DEBUG o.s.web.servlet.DispatcherServlet - GET "/resources/js/icia.common.js", parameters={}
[2021-07-24 17:00:50.866] [http-nio-8088-exec-4] DEBUG o.s.web.servlet.DispatcherServlet - GET "/resources/js/jquery-3.5.1.min.js", parameters={}
[2021-07-24 17:00:50.867] [http-nio-8088-exec-4] DEBUG o.s.w.s.h.SimpleUrlHandlerMapping - Mapped to ResourceHttpRequestHandler ["/WEB-INF/views/resources/"]
[2021-07-24 17:00:50.867] [http-nio-8088-exec-2] DEBUG o.s.w.s.h.SimpleUrlHandlerMapping - Mapped to ResourceHttpRequestHandler ["/WEB-INF/views/resources/"]
[2021-07-24 17:00:50.867] [http-nio-8088-exec-3] DEBUG o.s.w.s.h.SimpleUrlHandlerMapping - Mapped to ResourceHttpRequestHandler ["/WEB-INF/views/resources/"]
[2021-07-24 17:00:50.875] [http-nio-8088-exec-3] DEBUG o.s.web.servlet.DispatcherServlet - Completed 200 OK
[2021-07-24 17:00:50.876] [http-nio-8088-exec-4] DEBUG o.s.web.servlet.DispatcherServlet - Completed 200 OK
[2021-07-24 17:00:50.877] [http-nio-8088-exec-2] DEBUG o.s.web.servlet.DispatcherServlet - Completed 200 OK
[2021-07-24 17:00:54.001] [http-nio-8088-exec-5] DEBUG o.s.web.servlet.DispatcherServlet - GET "/user/loginOut", parameters={}
[2021-07-24 17:00:54.002] [http-nio-8088-exec-5] DEBUG o.s.w.s.m.m.a.RequestMappingHandlerMapping - Mapped to com.icia.web.controller.UserController#loginOut(HttpServletRequest, HttpServletResponse)
[2021-07-24 17:00:54.002] [http-nio-8088-exec-5] DEBUG c.i.web.interceptor.AuthInterceptor - ############################################################################
[2021-07-24 17:00:54.002] [http-nio-8088-exec-5] DEBUG c.i.web.interceptor.AuthInterceptor - # Logging start [/user/loginOut]
[2021-07-24 17:00:54.002] [http-nio-8088-exec-5] DEBUG c.i.web.interceptor.AuthInterceptor - ############################################################################
[2021-07-24 17:00:54.003] [http-nio-8088-exec-5] DEBUG c.i.web.interceptor.AuthInterceptor - 
////////////////////////////////////////////////////////////////////////////////
[Remote IP] : [127.0.0.1]
[Locale]    : [ko_KR]
[URL]       : [http://hiboard.icia.co.kr:8088/user/loginOut]
[URI]       : [/user/loginOut]
[Method]    : [GET]
[Protocol]  : [HTTP/1.1]
[Referer]   : [http://hiboard.icia.co.kr:8088/]
////////////////////////////////////////////////////////////////////////////////
// Headers                                                                      
////////////////////////////////////////////////////////////////////////////////
[host] : [hiboard.icia.co.kr:8088]
[connection] : [keep-alive]
[upgrade-insecure-requests] : [1]
[user-agent] : [Mozilla/5.0 (Windows NT 10.0; Win64; x64) AppleWebKit/537.36 (KHTML, like Gecko) Chrome/91.0.4472.164 Safari/537.36]
[accept] : [text/html,application/xhtml+xml,application/xml;q=0.9,image/avif,image/webp,image/apng,*/*;q=0.8,application/signed-exchange;v=b3;q=0.9]
[referer] : [http://hiboard.icia.co.kr:8088/]
[accept-encoding] : [gzip, deflate]
[accept-language] : [ko-KR,ko;q=0.9,en-US;q=0.8,en;q=0.7]
[cookie] : [_gcl_aw=GCL.1624923228.EAIaIQobChMI2IGz3L678QIVnL2WCh2dHgqdEAAYASAAEgKgp_D_BwE; _gcl_au=1.1.209797141.1624923228; _fbp=fb.2.1624923228692.493252562; _gac_UA-152407077-1=1.1624923229.EAIaIQobChMI2IGz3L678QIVnL2WCh2dHgqdEAAYASAAEgKgp_D_BwE; _ga=GA1.3.1233798896.1624923228; _ga_K1MBH8GF2W=GS1.1.1624923227.1.1.1624923600.36; JSESSIONID=8F6F677145719B3A9D79F6ADFB1006A6; USER_ID=69636961]
////////////////////////////////////////////////////////////////////////////////

////////////////////////////////////////////////////////////////////////////////
// Get Parameters                                                               
////////////////////////////////////////////////////////////////////////////////

////////////////////////////////////////////////////////////////////////////////

[2021-07-24 17:00:54.003] [http-nio-8088-exec-5] DEBUG c.i.web.interceptor.AuthInterceptor - ############################################################################
[2021-07-24 17:00:54.003] [http-nio-8088-exec-5] DEBUG c.i.web.interceptor.AuthInterceptor - ############################################################################
[2021-07-24 17:00:54.004] [http-nio-8088-exec-5] DEBUG o.s.web.servlet.view.RedirectView - View name 'redirect:', model {}
[2021-07-24 17:00:54.004] [http-nio-8088-exec-5] DEBUG c.i.web.interceptor.AuthInterceptor - ############################################################################
[2021-07-24 17:00:54.004] [http-nio-8088-exec-5] DEBUG c.i.web.interceptor.AuthInterceptor - # Logging end                                                              #
[2021-07-24 17:00:54.004] [http-nio-8088-exec-5] DEBUG c.i.web.interceptor.AuthInterceptor - ############################################################################
[2021-07-24 17:00:54.004] [http-nio-8088-exec-5] DEBUG c.i.web.interceptor.AuthInterceptor - # [request url]          : [/user/loginOut]
[2021-07-24 17:00:54.004] [http-nio-8088-exec-5] DEBUG c.i.web.interceptor.AuthInterceptor - # [elapse time (second)] : [0.002]
[2021-07-24 17:00:54.004] [http-nio-8088-exec-5] DEBUG c.i.web.interceptor.AuthInterceptor - ############################################################################
[2021-07-24 17:00:54.005] [http-nio-8088-exec-5] DEBUG o.s.web.servlet.DispatcherServlet - Completed 302 FOUND
[2021-07-24 17:00:54.010] [http-nio-8088-exec-6] DEBUG o.s.web.servlet.DispatcherServlet - "FORWARD" dispatch for GET "/index", parameters={}
[2021-07-24 17:00:54.010] [http-nio-8088-exec-6] DEBUG o.s.w.s.m.m.a.RequestMappingHandlerMapping - Mapped to com.icia.web.controller.IndexController#index(HttpServletRequest, HttpServletResponse)
[2021-07-24 17:00:54.011] [http-nio-8088-exec-6] DEBUG c.i.web.interceptor.AuthInterceptor - ############################################################################
[2021-07-24 17:00:54.012] [http-nio-8088-exec-6] DEBUG c.i.web.interceptor.AuthInterceptor - # Logging start [/index]
[2021-07-24 17:00:54.012] [http-nio-8088-exec-6] DEBUG c.i.web.interceptor.AuthInterceptor - ############################################################################
[2021-07-24 17:00:54.012] [http-nio-8088-exec-6] DEBUG c.i.web.interceptor.AuthInterceptor - 
////////////////////////////////////////////////////////////////////////////////
[Remote IP] : [127.0.0.1]
[Locale]    : [ko_KR]
[URL]       : [http://hiboard.icia.co.kr:8088/index]
[URI]       : [/index]
[Method]    : [GET]
[Protocol]  : [HTTP/1.1]
[Referer]   : [http://hiboard.icia.co.kr:8088/]
////////////////////////////////////////////////////////////////////////////////
// Headers                                                                      
////////////////////////////////////////////////////////////////////////////////
[host] : [hiboard.icia.co.kr:8088]
[connection] : [keep-alive]
[upgrade-insecure-requests] : [1]
[user-agent] : [Mozilla/5.0 (Windows NT 10.0; Win64; x64) AppleWebKit/537.36 (KHTML, like Gecko) Chrome/91.0.4472.164 Safari/537.36]
[accept] : [text/html,application/xhtml+xml,application/xml;q=0.9,image/avif,image/webp,image/apng,*/*;q=0.8,application/signed-exchange;v=b3;q=0.9]
[referer] : [http://hiboard.icia.co.kr:8088/]
[accept-encoding] : [gzip, deflate]
[accept-language] : [ko-KR,ko;q=0.9,en-US;q=0.8,en;q=0.7]
[cookie] : [_gcl_aw=GCL.1624923228.EAIaIQobChMI2IGz3L678QIVnL2WCh2dHgqdEAAYASAAEgKgp_D_BwE; _gcl_au=1.1.209797141.1624923228; _fbp=fb.2.1624923228692.493252562; _gac_UA-152407077-1=1.1624923229.EAIaIQobChMI2IGz3L678QIVnL2WCh2dHgqdEAAYASAAEgKgp_D_BwE; _ga=GA1.3.1233798896.1624923228; _ga_K1MBH8GF2W=GS1.1.1624923227.1.1.1624923600.36; JSESSIONID=8F6F677145719B3A9D79F6ADFB1006A6]
////////////////////////////////////////////////////////////////////////////////

////////////////////////////////////////////////////////////////////////////////
// Get Parameters                                                               
////////////////////////////////////////////////////////////////////////////////

////////////////////////////////////////////////////////////////////////////////

[2021-07-24 17:00:54.012] [http-nio-8088-exec-6] DEBUG c.i.web.interceptor.AuthInterceptor - ############################################################################
[2021-07-24 17:00:54.012] [http-nio-8088-exec-6] DEBUG c.i.web.interceptor.AuthInterceptor - ############################################################################
[2021-07-24 17:00:54.013] [http-nio-8088-exec-6] DEBUG o.s.web.servlet.view.JstlView - View name '/index', model {}
[2021-07-24 17:00:54.014] [http-nio-8088-exec-6] DEBUG o.s.web.servlet.view.JstlView - Forwarding to [/WEB-INF/views/index.jsp]
[2021-07-24 17:00:54.019] [http-nio-8088-exec-6] DEBUG c.i.web.interceptor.AuthInterceptor - ############################################################################
[2021-07-24 17:00:54.019] [http-nio-8088-exec-6] DEBUG c.i.web.interceptor.AuthInterceptor - # Logging end                                                              #
[2021-07-24 17:00:54.019] [http-nio-8088-exec-6] DEBUG c.i.web.interceptor.AuthInterceptor - ############################################################################
[2021-07-24 17:00:54.019] [http-nio-8088-exec-6] DEBUG c.i.web.interceptor.AuthInterceptor - # [request url]          : [/index]
[2021-07-24 17:00:54.019] [http-nio-8088-exec-6] DEBUG c.i.web.interceptor.AuthInterceptor - # [elapse time (second)] : [0.008]
[2021-07-24 17:00:54.019] [http-nio-8088-exec-6] DEBUG c.i.web.interceptor.AuthInterceptor - ############################################################################
[2021-07-24 17:00:54.019] [http-nio-8088-exec-6] DEBUG o.s.web.servlet.DispatcherServlet - Exiting from "FORWARD" dispatch, status 200
[2021-07-24 17:00:54.096] [http-nio-8088-exec-9] DEBUG o.s.web.servlet.DispatcherServlet - GET "/resources/css/bootstrap.min.css", parameters={}
[2021-07-24 17:00:54.096] [http-nio-8088-exec-7] DEBUG o.s.web.servlet.DispatcherServlet - GET "/resources/js/jquery-3.5.1.min.js", parameters={}
[2021-07-24 17:00:54.097] [http-nio-8088-exec-8] DEBUG o.s.web.servlet.DispatcherServlet - GET "/resources/js/icia.common.js", parameters={}
[2021-07-24 17:00:54.101] [http-nio-8088-exec-7] DEBUG o.s.w.s.h.SimpleUrlHandlerMapping - Mapped to ResourceHttpRequestHandler ["/WEB-INF/views/resources/"]
[2021-07-24 17:00:54.101] [http-nio-8088-exec-9] DEBUG o.s.w.s.h.SimpleUrlHandlerMapping - Mapped to ResourceHttpRequestHandler ["/WEB-INF/views/resources/"]
[2021-07-24 17:00:54.101] [http-nio-8088-exec-8] DEBUG o.s.w.s.h.SimpleUrlHandlerMapping - Mapped to ResourceHttpRequestHandler ["/WEB-INF/views/resources/"]
[2021-07-24 17:00:54.105] [http-nio-8088-exec-8] DEBUG o.s.web.servlet.DispatcherServlet - Completed 200 OK
[2021-07-24 17:00:54.105] [http-nio-8088-exec-7] DEBUG o.s.web.servlet.DispatcherServlet - Completed 200 OK
[2021-07-24 17:00:54.106] [http-nio-8088-exec-9] DEBUG o.s.web.servlet.DispatcherServlet - Completed 200 OK
[2021-07-24 17:00:54.992] [http-nio-8088-exec-1] DEBUG o.s.web.servlet.DispatcherServlet - GET "/user/regForm", parameters={}
[2021-07-24 17:00:54.992] [http-nio-8088-exec-1] DEBUG o.s.w.s.m.m.a.RequestMappingHandlerMapping - Mapped to com.icia.web.controller.UserController#regForm(HttpServletRequest, HttpServletResponse)
[2021-07-24 17:00:54.992] [http-nio-8088-exec-1] DEBUG c.i.web.interceptor.AuthInterceptor - ############################################################################
[2021-07-24 17:00:54.992] [http-nio-8088-exec-1] DEBUG c.i.web.interceptor.AuthInterceptor - # Logging start [/user/regForm]
[2021-07-24 17:00:54.992] [http-nio-8088-exec-1] DEBUG c.i.web.interceptor.AuthInterceptor - ############################################################################
[2021-07-24 17:00:54.993] [http-nio-8088-exec-1] DEBUG c.i.web.interceptor.AuthInterceptor - 
////////////////////////////////////////////////////////////////////////////////
[Remote IP] : [127.0.0.1]
[Locale]    : [ko_KR]
[URL]       : [http://hiboard.icia.co.kr:8088/user/regForm]
[URI]       : [/user/regForm]
[Method]    : [GET]
[Protocol]  : [HTTP/1.1]
[Referer]   : [http://hiboard.icia.co.kr:8088/]
////////////////////////////////////////////////////////////////////////////////
// Headers                                                                      
////////////////////////////////////////////////////////////////////////////////
[host] : [hiboard.icia.co.kr:8088]
[connection] : [keep-alive]
[upgrade-insecure-requests] : [1]
[user-agent] : [Mozilla/5.0 (Windows NT 10.0; Win64; x64) AppleWebKit/537.36 (KHTML, like Gecko) Chrome/91.0.4472.164 Safari/537.36]
[accept] : [text/html,application/xhtml+xml,application/xml;q=0.9,image/avif,image/webp,image/apng,*/*;q=0.8,application/signed-exchange;v=b3;q=0.9]
[referer] : [http://hiboard.icia.co.kr:8088/]
[accept-encoding] : [gzip, deflate]
[accept-language] : [ko-KR,ko;q=0.9,en-US;q=0.8,en;q=0.7]
[cookie] : [_gcl_aw=GCL.1624923228.EAIaIQobChMI2IGz3L678QIVnL2WCh2dHgqdEAAYASAAEgKgp_D_BwE; _gcl_au=1.1.209797141.1624923228; _fbp=fb.2.1624923228692.493252562; _gac_UA-152407077-1=1.1624923229.EAIaIQobChMI2IGz3L678QIVnL2WCh2dHgqdEAAYASAAEgKgp_D_BwE; _ga=GA1.3.1233798896.1624923228; _ga_K1MBH8GF2W=GS1.1.1624923227.1.1.1624923600.36; JSESSIONID=8F6F677145719B3A9D79F6ADFB1006A6]
////////////////////////////////////////////////////////////////////////////////

////////////////////////////////////////////////////////////////////////////////
// Get Parameters                                                               
////////////////////////////////////////////////////////////////////////////////

////////////////////////////////////////////////////////////////////////////////

[2021-07-24 17:00:54.993] [http-nio-8088-exec-1] DEBUG c.i.web.interceptor.AuthInterceptor - ############################################################################
[2021-07-24 17:00:54.993] [http-nio-8088-exec-1] DEBUG c.i.web.interceptor.AuthInterceptor - ############################################################################
[2021-07-24 17:00:54.994] [http-nio-8088-exec-1] DEBUG o.s.web.servlet.view.JstlView - View name '/user/regForm', model {}
[2021-07-24 17:00:54.994] [http-nio-8088-exec-1] DEBUG o.s.web.servlet.view.JstlView - Forwarding to [/WEB-INF/views/user/regForm.jsp]
[2021-07-24 17:00:55.019] [http-nio-8088-exec-1] DEBUG c.i.web.interceptor.AuthInterceptor - ############################################################################
[2021-07-24 17:00:55.019] [http-nio-8088-exec-1] DEBUG c.i.web.interceptor.AuthInterceptor - # Logging end                                                              #
[2021-07-24 17:00:55.019] [http-nio-8088-exec-1] DEBUG c.i.web.interceptor.AuthInterceptor - ############################################################################
[2021-07-24 17:00:55.019] [http-nio-8088-exec-1] DEBUG c.i.web.interceptor.AuthInterceptor - # [request url]          : [/user/regForm]
[2021-07-24 17:00:55.020] [http-nio-8088-exec-1] DEBUG c.i.web.interceptor.AuthInterceptor - # [elapse time (second)] : [0.027]
[2021-07-24 17:00:55.020] [http-nio-8088-exec-1] DEBUG c.i.web.interceptor.AuthInterceptor - ############################################################################
[2021-07-24 17:00:55.020] [http-nio-8088-exec-1] DEBUG o.s.web.servlet.DispatcherServlet - Completed 200 OK
[2021-07-24 17:00:55.038] [http-nio-8088-exec-10] DEBUG o.s.web.servlet.DispatcherServlet - GET "/resources/css/bootstrap.min.css", parameters={}
[2021-07-24 17:00:55.038] [http-nio-8088-exec-2] DEBUG o.s.web.servlet.DispatcherServlet - GET "/resources/js/icia.common.js", parameters={}
[2021-07-24 17:00:55.038] [http-nio-8088-exec-3] DEBUG o.s.web.servlet.DispatcherServlet - GET "/resources/js/jquery-3.5.1.min.js", parameters={}
[2021-07-24 17:00:55.039] [http-nio-8088-exec-10] DEBUG o.s.w.s.h.SimpleUrlHandlerMapping - Mapped to ResourceHttpRequestHandler ["/WEB-INF/views/resources/"]
[2021-07-24 17:00:55.039] [http-nio-8088-exec-3] DEBUG o.s.w.s.h.SimpleUrlHandlerMapping - Mapped to ResourceHttpRequestHandler ["/WEB-INF/views/resources/"]
[2021-07-24 17:00:55.039] [http-nio-8088-exec-2] DEBUG o.s.w.s.h.SimpleUrlHandlerMapping - Mapped to ResourceHttpRequestHandler ["/WEB-INF/views/resources/"]
[2021-07-24 17:00:55.047] [http-nio-8088-exec-2] DEBUG o.s.web.servlet.DispatcherServlet - Completed 200 OK
[2021-07-24 17:00:55.048] [http-nio-8088-exec-3] DEBUG o.s.web.servlet.DispatcherServlet - Completed 200 OK
[2021-07-24 17:00:55.049] [http-nio-8088-exec-10] DEBUG o.s.web.servlet.DispatcherServlet - Completed 200 OK
[2021-07-24 17:00:56.176] [http-nio-8088-exec-4] DEBUG o.s.web.servlet.DispatcherServlet - GET "/user/regform", parameters={}
[2021-07-24 17:00:56.177] [http-nio-8088-exec-4] WARN  o.s.web.servlet.PageNotFound - No mapping for GET /user/regform
[2021-07-24 17:00:56.178] [http-nio-8088-exec-4] DEBUG o.s.web.servlet.DispatcherServlet - Completed 404 NOT_FOUND
[2021-07-24 17:00:57.033] [http-nio-8088-exec-6] DEBUG o.s.web.servlet.DispatcherServlet - "FORWARD" dispatch for GET "/index", parameters={}
[2021-07-24 17:00:57.034] [http-nio-8088-exec-6] DEBUG o.s.w.s.m.m.a.RequestMappingHandlerMapping - Mapped to com.icia.web.controller.IndexController#index(HttpServletRequest, HttpServletResponse)
[2021-07-24 17:00:57.034] [http-nio-8088-exec-6] DEBUG c.i.web.interceptor.AuthInterceptor - ############################################################################
[2021-07-24 17:00:57.034] [http-nio-8088-exec-6] DEBUG c.i.web.interceptor.AuthInterceptor - # Logging start [/index]
[2021-07-24 17:00:57.034] [http-nio-8088-exec-6] DEBUG c.i.web.interceptor.AuthInterceptor - ############################################################################
[2021-07-24 17:00:57.035] [http-nio-8088-exec-6] DEBUG c.i.web.interceptor.AuthInterceptor - 
////////////////////////////////////////////////////////////////////////////////
[Remote IP] : [127.0.0.1]
[Locale]    : [ko_KR]
[URL]       : [http://hiboard.icia.co.kr:8088/index]
[URI]       : [/index]
[Method]    : [GET]
[Protocol]  : [HTTP/1.1]
[Referer]   : [http://hiboard.icia.co.kr:8088/user/regForm]
////////////////////////////////////////////////////////////////////////////////
// Headers                                                                      
////////////////////////////////////////////////////////////////////////////////
[host] : [hiboard.icia.co.kr:8088]
[connection] : [keep-alive]
[upgrade-insecure-requests] : [1]
[user-agent] : [Mozilla/5.0 (Windows NT 10.0; Win64; x64) AppleWebKit/537.36 (KHTML, like Gecko) Chrome/91.0.4472.164 Safari/537.36]
[accept] : [text/html,application/xhtml+xml,application/xml;q=0.9,image/avif,image/webp,image/apng,*/*;q=0.8,application/signed-exchange;v=b3;q=0.9]
[referer] : [http://hiboard.icia.co.kr:8088/user/regForm]
[accept-encoding] : [gzip, deflate]
[accept-language] : [ko-KR,ko;q=0.9,en-US;q=0.8,en;q=0.7]
[cookie] : [_gcl_aw=GCL.1624923228.EAIaIQobChMI2IGz3L678QIVnL2WCh2dHgqdEAAYASAAEgKgp_D_BwE; _gcl_au=1.1.209797141.1624923228; _fbp=fb.2.1624923228692.493252562; _gac_UA-152407077-1=1.1624923229.EAIaIQobChMI2IGz3L678QIVnL2WCh2dHgqdEAAYASAAEgKgp_D_BwE; _ga=GA1.3.1233798896.1624923228; _ga_K1MBH8GF2W=GS1.1.1624923227.1.1.1624923600.36; JSESSIONID=8F6F677145719B3A9D79F6ADFB1006A6]
////////////////////////////////////////////////////////////////////////////////

////////////////////////////////////////////////////////////////////////////////
// Get Parameters                                                               
////////////////////////////////////////////////////////////////////////////////

////////////////////////////////////////////////////////////////////////////////

[2021-07-24 17:00:57.035] [http-nio-8088-exec-6] DEBUG c.i.web.interceptor.AuthInterceptor - ############################################################################
[2021-07-24 17:00:57.035] [http-nio-8088-exec-6] DEBUG c.i.web.interceptor.AuthInterceptor - ############################################################################
[2021-07-24 17:00:57.035] [http-nio-8088-exec-6] DEBUG o.s.web.servlet.view.JstlView - View name '/index', model {}
[2021-07-24 17:00:57.036] [http-nio-8088-exec-6] DEBUG o.s.web.servlet.view.JstlView - Forwarding to [/WEB-INF/views/index.jsp]
[2021-07-24 17:00:57.037] [http-nio-8088-exec-6] DEBUG c.i.web.interceptor.AuthInterceptor - ############################################################################
[2021-07-24 17:00:57.037] [http-nio-8088-exec-6] DEBUG c.i.web.interceptor.AuthInterceptor - # Logging end                                                              #
[2021-07-24 17:00:57.037] [http-nio-8088-exec-6] DEBUG c.i.web.interceptor.AuthInterceptor - ############################################################################
[2021-07-24 17:00:57.037] [http-nio-8088-exec-6] DEBUG c.i.web.interceptor.AuthInterceptor - # [request url]          : [/index]
[2021-07-24 17:00:57.037] [http-nio-8088-exec-6] DEBUG c.i.web.interceptor.AuthInterceptor - # [elapse time (second)] : [0.003]
[2021-07-24 17:00:57.037] [http-nio-8088-exec-6] DEBUG c.i.web.interceptor.AuthInterceptor - ############################################################################
[2021-07-24 17:00:57.039] [http-nio-8088-exec-6] DEBUG o.s.web.servlet.DispatcherServlet - Exiting from "FORWARD" dispatch, status 200
[2021-07-24 17:00:57.055] [http-nio-8088-exec-9] DEBUG o.s.web.servlet.DispatcherServlet - GET "/resources/js/jquery-3.5.1.min.js", parameters={}
[2021-07-24 17:00:57.055] [http-nio-8088-exec-7] DEBUG o.s.web.servlet.DispatcherServlet - GET "/resources/css/bootstrap.min.css", parameters={}
[2021-07-24 17:00:57.055] [http-nio-8088-exec-8] DEBUG o.s.web.servlet.DispatcherServlet - GET "/resources/js/icia.common.js", parameters={}
[2021-07-24 17:00:57.057] [http-nio-8088-exec-8] DEBUG o.s.w.s.h.SimpleUrlHandlerMapping - Mapped to ResourceHttpRequestHandler ["/WEB-INF/views/resources/"]
[2021-07-24 17:00:57.057] [http-nio-8088-exec-9] DEBUG o.s.w.s.h.SimpleUrlHandlerMapping - Mapped to ResourceHttpRequestHandler ["/WEB-INF/views/resources/"]
[2021-07-24 17:00:57.057] [http-nio-8088-exec-7] DEBUG o.s.w.s.h.SimpleUrlHandlerMapping - Mapped to ResourceHttpRequestHandler ["/WEB-INF/views/resources/"]
[2021-07-24 17:00:57.061] [http-nio-8088-exec-8] DEBUG o.s.web.servlet.DispatcherServlet - Completed 200 OK
[2021-07-24 17:00:57.062] [http-nio-8088-exec-7] DEBUG o.s.web.servlet.DispatcherServlet - Completed 200 OK
[2021-07-24 17:00:57.062] [http-nio-8088-exec-9] DEBUG o.s.web.servlet.DispatcherServlet - Completed 200 OK
[2021-07-24 17:01:03.438] [main] DEBUG o.s.w.c.s.XmlWebApplicationContext - Closing WebApplicationContext for namespace 'dispatcherServlet-servlet', started on Sat Jul 24 17:00:22 KST 2021, parent: Root WebApplicationContext
